Build started 12/05/2017 11:26:52 ص.
     1>Project "C:\Users\mohamed\Desktop\proj\qwe\qwe.vcxproj" on node 2 (build target(s)).
     1>InitializeBuildStatus:
         Creating "Debug\qwe.unsuccessfulbuild" because "AlwaysCreate" was specified.
       ClCompile:
         g:\c++\VC\bin\CL.exe /c /ZI /nologo /W3 /WX- /Od /Oy- /D _MBCS /Gm /EHsc /RTC1 /MDd /GS /fp:precise /Zc:wchar_t /Zc:forScope /Fo"Debug\\" /Fd"Debug\vc100.pdb" /Gd /TP /analyze- /errorReport:prompt qwe.cpp
         qwe.cpp
     1>c:\users\mohamed\desktop\proj\qwe\qwe.cpp(26): warning C4551: function call missing argument list
       Link:
         g:\c++\VC\bin\link.exe /ERRORREPORT:PROMPT /OUT:"C:\Users\mohamed\Desktop\proj\Debug\qwe.exe" /NOLOGO kernel32.lib user32.lib gdi32.lib winspool.lib comdlg32.lib advapi32.lib shell32.lib ole32.lib oleaut32.lib uuid.lib odbc32.lib odbccp32.lib /MANIFEST /ManifestFile:"Debug\qwe.exe.intermediate.manifest" /MANIFESTUAC:"level='asInvoker' uiAccess='false'" /DEBUG /PDB:"C:\Users\mohamed\Desktop\proj\Debug\qwe.pdb" /TLBID:1 /DYNAMICBASE /NXCOMPAT /IMPLIB:"C:\Users\mohamed\Desktop\proj\Debug\qwe.lib" /MACHINE:X86 Debug\qwe.obj
         LINK : C:\Users\mohamed\Desktop\proj\Debug\qwe.exe not found or not built by the last incremental link; performing full link
         qwe.vcxproj -> C:\Users\mohamed\Desktop\proj\Debug\qwe.exe
       Manifest:
         C:\Program Files\Microsoft SDKs\Windows\v7.0A\bin\mt.exe /nologo /verbose /outputresource:"C:\Users\mohamed\Desktop\proj\Debug\qwe.exe;#1" /manifest Debug\qwe.exe.intermediate.manifest
       FinalizeBuildStatus:
         Deleting file "Debug\qwe.unsuccessfulbuild".
         Touching "Debug\qwe.lastbuildstate".
     1>Done Building Project "C:\Users\mohamed\Desktop\proj\qwe\qwe.vcxproj" (build target(s)).

Build succeeded.

Time Elapsed 00:00:02.29
